Determining if the pthread_create exist failed with the following output:
Change Dir: /home/swarmie/SwarmBaseCode-ROS/build/ublox_gps/CMakeFiles/CMakeTmp

Run Build Command:"/usr/bin/make" "cmTC_7e277/fast"
/usr/bin/make -f CMakeFiles/cmTC_7e277.dir/build.make CMakeFiles/cmTC_7e277.dir/build
make[1]: Entering directory '/home/swarmie/SwarmBaseCode-ROS/build/ublox_gps/CMakeFiles/CMakeTmp'
Building C object CMakeFiles/cmTC_7e277.dir/CheckSymbolExists.c.o
/usr/bin/cc     -o CMakeFiles/cmTC_7e277.dir/CheckSymbolExists.c.o   -c /home/swarmie/SwarmBaseCode-ROS/build/ublox_gps/CMakeFiles/CMakeTmp/CheckSymbolExists.c
Linking C executable cmTC_7e277
/usr/bin/cmake -E cmake_link_script CMakeFiles/cmTC_7e277.dir/link.txt --verbose=1
/usr/bin/cc       CMakeFiles/cmTC_7e277.dir/CheckSymbolExists.c.o  -o cmTC_7e277 -rdynamic 
CMakeFiles/cmTC_7e277.dir/CheckSymbolExists.c.o: In function `main':
CheckSymbolExists.c:(.text+0x16): undefined reference to `pthread_create'
collect2: error: ld returned 1 exit status
CMakeFiles/cmTC_7e277.dir/build.make:97: recipe for target 'cmTC_7e277' failed
make[1]: *** [cmTC_7e277] Error 1
make[1]: Leaving directory '/home/swarmie/SwarmBaseCode-ROS/build/ublox_gps/CMakeFiles/CMakeTmp'
Makefile:126: recipe for target 'cmTC_7e277/fast' failed
make: *** [cmTC_7e277/fast] Error 2

File /home/swarmie/SwarmBaseCode-ROS/build/ublox_gps/CMakeFiles/CMakeTmp/CheckSymbolExists.c:
/* */
#include <pthread.h>

int main(int argc, char** argv)
{
  (void)argv;
#ifndef pthread_create
  return ((int*)(&pthread_create))[argc];
#else
  (void)argc;
  return 0;
#endif
}

Determining if the function pthread_create exists in the pthreads failed with the following output:
Change Dir: /home/swarmie/SwarmBaseCode-ROS/build/ublox_gps/CMakeFiles/CMakeTmp

Run Build Command:"/usr/bin/make" "cmTC_2d585/fast"
/usr/bin/make -f CMakeFiles/cmTC_2d585.dir/build.make CMakeFiles/cmTC_2d585.dir/build
make[1]: Entering directory '/home/swarmie/SwarmBaseCode-ROS/build/ublox_gps/CMakeFiles/CMakeTmp'
Building C object CMakeFiles/cmTC_2d585.dir/CheckFunctionExists.c.o
/usr/bin/cc    -DCHECK_FUNCTION_EXISTS=pthread_create   -o CMakeFiles/cmTC_2d585.dir/CheckFunctionExists.c.o   -c /usr/share/cmake-3.5/Modules/CheckFunctionExists.c
Linking C executable cmTC_2d585
/usr/bin/cmake -E cmake_link_script CMakeFiles/cmTC_2d585.dir/link.txt --verbose=1
/usr/bin/cc   -DCHECK_FUNCTION_EXISTS=pthread_create    CMakeFiles/cmTC_2d585.dir/CheckFunctionExists.c.o  -o cmTC_2d585 -rdynamic -lpthreads 
/usr/bin/ld: cannot find -lpthreads
collect2: error: ld returned 1 exit status
CMakeFiles/cmTC_2d585.dir/build.make:97: recipe for target 'cmTC_2d585' failed
make[1]: *** [cmTC_2d585] Error 1
make[1]: Leaving directory '/home/swarmie/SwarmBaseCode-ROS/build/ublox_gps/CMakeFiles/CMakeTmp'
Makefile:126: recipe for target 'cmTC_2d585/fast' failed
make: *** [cmTC_2d585/fast] Error 2


