Welcome to the world of tomorrow achilles!  Behaviour turnDirectionule started.
System has been Running for :: 0 : hours 1 : minutes 392.7 : seconds

System has been Running for :: 0 : hours 2 : minutes 332.8 : seconds

System has been Running for :: 0 : hours 3 : minutes 272.9 : seconds

System has been Running for :: 0 : hours 4 : minutes 213.0 : seconds

System has been Running for :: 0 : hours 5 : minutes 153.1 : seconds

System has been Running for :: 0 : hours 6 : minutes 93.2 : seconds

System has been Running for :: 0 : hours 6 : minutes 33.3 : seconds

System has been Running for :: 0 : hours 6 : minutes 33.4 : seconds

System has been Running for :: 0 : hours 6 : minutes 33.5 : seconds

System has been Running for :: 0 : hours 6 : minutes 33.6 : seconds

System has been Running for :: 0 : hours 6 : minutes 33.7 : seconds

System has been Running for :: 0 : hours 6 : minutes 33.8 : seconds

System has been Running for :: 0 : hours 6 : minutes 33.9 : seconds

System has been Running for :: 0 : hours 6 : minutes 34.0 : seconds

System has been Running for :: 0 : hours 6 : minutes 34.1 : seconds

System has been Running for :: 0 : hours 6 : minutes 34.2 : seconds

System has been Running for :: 0 : hours 6 : minutes 34.3 : seconds

System has been Running for :: 0 : hours 6 : minutes 34.4 : seconds

System has been Running for :: 0 : hours 6 : minutes 34.5 : seconds

System has been Running for :: 0 : hours 6 : minutes 34.6 : seconds

System has been Running for :: 0 : hours 6 : minutes 34.7 : seconds

System has been Running for :: 0 : hours 6 : minutes 34.8 : seconds

System has been Running for :: 0 : hours 6 : minutes 34.9 : seconds

System has been Running for :: 0 : hours 6 : minutes 35.0 : seconds

System has been Running for :: 0 : hours 6 : minutes 35.1 : seconds

System has been Running for :: 0 : hours 6 : minutes 35.2 : seconds

System has been Running for :: 0 : hours 6 : minutes 35.3 : seconds

System has been Running for :: 0 : hours 6 : minutes 35.4 : seconds

System has been Running for :: 0 : hours 6 : minutes 35.5 : seconds

System has been Running for :: 0 : hours 6 : minutes 35.6 : seconds

System has been Running for :: 0 : hours 6 : minutes 35.7 : seconds

System has been Running for :: 0 : hours 6 : minutes 35.8 : seconds

System has been Running for :: 0 : hours 6 : minutes 35.9 : seconds

System has been Running for :: 0 : hours 6 : minutes 36.0 : seconds

System has been Running for :: 0 : hours 6 : minutes 36.1 : seconds

System has been Running for :: 0 : hours 6 : minutes 36.2 : seconds

System has been Running for :: 0 : hours 6 : minutes 36.3 : seconds

System has been Running for :: 0 : hours 6 : minutes 36.4 : seconds

System has been Running for :: 0 : hours 6 : minutes 36.5 : seconds

System has been Running for :: 0 : hours 6 : minutes 36.6 : seconds

System has been Running for :: 0 : hours 6 : minutes 36.7 : seconds

System has been Running for :: 0 : hours 6 : minutes 36.8 : seconds

System has been Running for :: 0 : hours 6 : minutes 36.9 : seconds

System has been Running for :: 0 : hours 6 : minutes 37.0 : seconds

System has been Running for :: 0 : hours 6 : minutes 37.1 : seconds

System has been Running for :: 0 : hours 6 : minutes 37.2 : seconds

System has been Running for :: 0 : hours 6 : minutes 37.3 : seconds

System has been Running for :: 0 : hours 6 : minutes 37.4 : seconds

System has been Running for :: 0 : hours 6 : minutes 37.5 : seconds

System has been Running for :: 0 : hours 6 : minutes 37.6 : seconds

System has been Running for :: 0 : hours 6 : minutes 37.7 : seconds

System has been Running for :: 0 : hours 6 : minutes 37.8 : seconds

System has been Running for :: 0 : hours 6 : minutes 37.9 : seconds

System has been Running for :: 0 : hours 6 : minutes 38.0 : seconds

System has been Running for :: 0 : hours 6 : minutes 38.1 : seconds

System has been Running for :: 0 : hours 6 : minutes 38.2 : seconds

System has been Running for :: 0 : hours 6 : minutes 38.3 : seconds

System has been Running for :: 0 : hours 6 : minutes 38.4 : seconds

System has been Running for :: 0 : hours 6 : minutes 38.5 : seconds

System has been Running for :: 0 : hours 6 : minutes 38.6 : seconds

System has been Running for :: 0 : hours 6 : minutes 38.7 : seconds

System has been Running for :: 0 : hours 6 : minutes 38.8 : seconds

System has been Running for :: 0 : hours 6 : minutes 38.9 : seconds

System has been Running for :: 0 : hours 6 : minutes 39.0 : seconds

System has been Running for :: 0 : hours 6 : minutes 39.1 : seconds

System has been Running for :: 0 : hours 6 : minutes 39.2 : seconds

System has been Running for :: 0 : hours 6 : minutes 39.3 : seconds

System has been Running for :: 0 : hours 6 : minutes 39.4 : seconds

System has been Running for :: 0 : hours 6 : minutes 39.5 : seconds

System has been Running for :: 0 : hours 6 : minutes 39.6 : seconds

System has been Running for :: 0 : hours 6 : minutes 39.7 : seconds

System has been Running for :: 0 : hours 6 : minutes 39.8 : seconds

System has been Running for :: 0 : hours 6 : minutes 39.9 : seconds

System has been Running for :: 0 : hours 6 : minutes 40.0 : seconds

System has been Running for :: 0 : hours 6 : minutes 40.1 : seconds

System has been Running for :: 0 : hours 6 : minutes 40.2 : seconds

System has been Running for :: 0 : hours 6 : minutes 40.3 : seconds

System has been Running for :: 0 : hours 6 : minutes 40.4 : seconds

System has been Running for :: 0 : hours 6 : minutes 40.5 : seconds

System has been Running for :: 0 : hours 6 : minutes 40.6 : seconds

System has been Running for :: 0 : hours 6 : minutes 40.7 : seconds

System has been Running for :: 0 : hours 6 : minutes 40.8 : seconds

System has been Running for :: 0 : hours 6 : minutes 40.9 : seconds

System has been Running for :: 0 : hours 6 : minutes 41.0 : seconds

System has been Running for :: 0 : hours 6 : minutes 41.1 : seconds

System has been Running for :: 0 : hours 6 : minutes 41.2 : seconds

System has been Running for :: 0 : hours 6 : minutes 41.3 : seconds

System has been Running for :: 0 : hours 6 : minutes 41.4 : seconds

System has been Running for :: 0 : hours 6 : minutes 41.5 : seconds

System has been Running for :: 0 : hours 6 : minutes 41.6 : seconds

System has been Running for :: 0 : hours 6 : minutes 41.7 : seconds

System has been Running for :: 0 : hours 6 : minutes 41.8 : seconds

System has been Running for :: 0 : hours 6 : minutes 41.9 : seconds

System has been Running for :: 0 : hours 6 : minutes 42.0 : seconds

System has been Running for :: 0 : hours 6 : minutes 42.1 : seconds

System has been Running for :: 0 : hours 6 : minutes 42.2 : seconds

System has been Running for :: 0 : hours 6 : minutes 42.3 : seconds

System has been Running for :: 0 : hours 6 : minutes 42.4 : seconds

System has been Running for :: 0 : hours 6 : minutes 42.5 : seconds

System has been Running for :: 0 : hours 6 : minutes 42.6 : seconds

System has been Running for :: 0 : hours 6 : minutes 42.7 : seconds

System has been Running for :: 0 : hours 6 : minutes 42.8 : seconds

System has been Running for :: 0 : hours 6 : minutes 42.9 : seconds

System has been Running for :: 0 : hours 6 : minutes 43.0 : seconds

System has been Running for :: 0 : hours 6 : minutes 43.1 : seconds

System has been Running for :: 0 : hours 6 : minutes 43.2 : seconds

System has been Running for :: 0 : hours 6 : minutes 43.3 : seconds

System has been Running for :: 0 : hours 6 : minutes 43.4 : seconds

System has been Running for :: 0 : hours 6 : minutes 43.5 : seconds

System has been Running for :: 0 : hours 6 : minutes 43.6 : seconds

System has been Running for :: 0 : hours 6 : minutes 43.7 : seconds

System has been Running for :: 0 : hours 6 : minutes 43.8 : seconds

System has been Running for :: 0 : hours 6 : minutes 43.9 : seconds

System has been Running for :: 0 : hours 6 : minutes 44.0 : seconds

System has been Running for :: 0 : hours 6 : minutes 44.1 : seconds

System has been Running for :: 0 : hours 6 : minutes 44.2 : seconds

System has been Running for :: 0 : hours 6 : minutes 44.3 : seconds

System has been Running for :: 0 : hours 6 : minutes 44.4 : seconds

System has been Running for :: 0 : hours 6 : minutes 44.5 : seconds

System has been Running for :: 0 : hours 6 : minutes 44.6 : seconds

System has been Running for :: 0 : hours 6 : minutes 44.7 : seconds

System has been Running for :: 0 : hours 6 : minutes 44.8 : seconds

System has been Running for :: 0 : hours 6 : minutes 44.9 : seconds

System has been Running for :: 0 : hours 6 : minutes 45.0 : seconds

System has been Running for :: 0 : hours 6 : minutes 45.1 : seconds

System has been Running for :: 0 : hours 6 : minutes 45.2 : seconds

System has been Running for :: 0 : hours 6 : minutes 45.3 : seconds

System has been Running for :: 0 : hours 6 : minutes 45.4 : seconds

System has been Running for :: 0 : hours 6 : minutes 45.5 : seconds

System has been Running for :: 0 : hours 6 : minutes 45.6 : seconds

System has been Running for :: 0 : hours 6 : minutes 45.7 : seconds

System has been Running for :: 0 : hours 6 : minutes 45.8 : seconds

System has been Running for :: 0 : hours 6 : minutes 45.9 : seconds

System has been Running for :: 0 : hours 6 : minutes 46.0 : seconds

System has been Running for :: 0 : hours 6 : minutes 46.1 : seconds

System has been Running for :: 0 : hours 6 : minutes 46.2 : seconds

System has been Running for :: 0 : hours 6 : minutes 46.3 : seconds

System has been Running for :: 0 : hours 6 : minutes 46.4 : seconds

System has been Running for :: 0 : hours 6 : minutes 46.5 : seconds

System has been Running for :: 0 : hours 6 : minutes 46.6 : seconds

System has been Running for :: 0 : hours 6 : minutes 46.7 : seconds

System has been Running for :: 0 : hours 6 : minutes 46.8 : seconds

System has been Running for :: 0 : hours 6 : minutes 46.9 : seconds

System has been Running for :: 0 : hours 6 : minutes 47.0 : seconds

System has been Running for :: 0 : hours 6 : minutes 47.1 : seconds

System has been Running for :: 0 : hours 6 : minutes 47.2 : seconds

System has been Running for :: 0 : hours 6 : minutes 47.3 : seconds

System has been Running for :: 0 : hours 6 : minutes 47.4 : seconds

System has been Running for :: 0 : hours 6 : minutes 47.5 : seconds

System has been Running for :: 0 : hours 6 : minutes 47.6 : seconds

System has been Running for :: 0 : hours 6 : minutes 47.7 : seconds

System has been Running for :: 0 : hours 6 : minutes 47.8 : seconds

System has been Running for :: 0 : hours 6 : minutes 47.9 : seconds

System has been Running for :: 0 : hours 6 : minutes 48.0 : seconds

System has been Running for :: 0 : hours 6 : minutes 48.1 : seconds

System has been Running for :: 0 : hours 6 : minutes 48.2 : seconds

System has been Running for :: 0 : hours 6 : minutes 48.3 : seconds

System has been Running for :: 0 : hours 6 : minutes 48.4 : seconds

System has been Running for :: 0 : hours 6 : minutes 48.5 : seconds

System has been Running for :: 0 : hours 6 : minutes 48.6 : seconds

System has been Running for :: 0 : hours 6 : minutes 48.7 : seconds

System has been Running for :: 0 : hours 6 : minutes 48.8 : seconds

System has been Running for :: 0 : hours 6 : minutes 48.9 : seconds

System has been Running for :: 0 : hours 6 : minutes 49.0 : seconds

System has been Running for :: 0 : hours 6 : minutes 49.1 : seconds

System has been Running for :: 0 : hours 6 : minutes 49.2 : seconds

System has been Running for :: 0 : hours 6 : minutes 49.3 : seconds

System has been Running for :: 0 : hours 6 : minutes 49.4 : seconds

System has been Running for :: 0 : hours 6 : minutes 49.5 : seconds

System has been Running for :: 0 : hours 6 : minutes 49.6 : seconds

System has been Running for :: 0 : hours 6 : minutes 49.7 : seconds

System has been Running for :: 0 : hours 6 : minutes 49.8 : seconds

System has been Running for :: 0 : hours 6 : minutes 49.9 : seconds

System has been Running for :: 0 : hours 6 : minutes 50.0 : seconds

System has been Running for :: 0 : hours 6 : minutes 50.1 : seconds

System has been Running for :: 0 : hours 6 : minutes 50.2 : seconds

System has been Running for :: 0 : hours 6 : minutes 50.3 : seconds

System has been Running for :: 0 : hours 6 : minutes 50.4 : seconds

System has been Running for :: 0 : hours 6 : minutes 50.5 : seconds

System has been Running for :: 0 : hours 6 : minutes 50.6 : seconds

System has been Running for :: 0 : hours 6 : minutes 50.7 : seconds

System has been Running for :: 0 : hours 6 : minutes 50.8 : seconds

System has been Running for :: 0 : hours 6 : minutes 50.9 : seconds

System has been Running for :: 0 : hours 6 : minutes 51.0 : seconds

System has been Running for :: 0 : hours 6 : minutes 51.1 : seconds

System has been Running for :: 0 : hours 6 : minutes 51.2 : seconds

System has been Running for :: 0 : hours 6 : minutes 51.3 : seconds

System has been Running for :: 0 : hours 6 : minutes 51.4 : seconds

System has been Running for :: 0 : hours 6 : minutes 51.5 : seconds

System has been Running for :: 0 : hours 6 : minutes 51.6 : seconds

System has been Running for :: 0 : hours 6 : minutes 51.7 : seconds

System has been Running for :: 0 : hours 6 : minutes 51.8 : seconds

System has been Running for :: 0 : hours 6 : minutes 51.9 : seconds

System has been Running for :: 0 : hours 6 : minutes 52.0 : seconds

System has been Running for :: 0 : hours 6 : minutes 52.1 : seconds

System has been Running for :: 0 : hours 6 : minutes 52.2 : seconds

System has been Running for :: 0 : hours 6 : minutes 52.3 : seconds

System has been Running for :: 0 : hours 6 : minutes 52.4 : seconds

System has been Running for :: 0 : hours 6 : minutes 52.5 : seconds

System has been Running for :: 0 : hours 6 : minutes 52.6 : seconds

System has been Running for :: 0 : hours 6 : minutes 52.7 : seconds

System has been Running for :: 0 : hours 6 : minutes 52.8 : seconds

System has been Running for :: 0 : hours 6 : minutes 52.9 : seconds

System has been Running for :: 0 : hours 6 : minutes 53.0 : seconds

System has been Running for :: 0 : hours 6 : minutes 53.1 : seconds

System has been Running for :: 0 : hours 6 : minutes 53.2 : seconds

System has been Running for :: 0 : hours 6 : minutes 53.3 : seconds

System has been Running for :: 0 : hours 6 : minutes 53.4 : seconds

System has been Running for :: 0 : hours 6 : minutes 53.5 : seconds

System has been Running for :: 0 : hours 6 : minutes 53.6 : seconds

System has been Running for :: 0 : hours 6 : minutes 53.7 : seconds

System has been Running for :: 0 : hours 6 : minutes 53.8 : seconds

System has been Running for :: 0 : hours 6 : minutes 53.9 : seconds

System has been Running for :: 0 : hours 6 : minutes 54.0 : seconds

System has been Running for :: 0 : hours 6 : minutes 54.1 : seconds

System has been Running for :: 0 : hours 6 : minutes 54.2 : seconds

System has been Running for :: 0 : hours 6 : minutes 54.3 : seconds

System has been Running for :: 0 : hours 6 : minutes 54.4 : seconds

System has been Running for :: 0 : hours 6 : minutes 54.5 : seconds

System has been Running for :: 0 : hours 6 : minutes 54.6 : seconds

System has been Running for :: 0 : hours 6 : minutes 54.7 : seconds

System has been Running for :: 0 : hours 6 : minutes 54.8 : seconds

System has been Running for :: 0 : hours 6 : minutes 54.9 : seconds

System has been Running for :: 0 : hours 6 : minutes 55.0 : seconds

System has been Running for :: 0 : hours 6 : minutes 55.1 : seconds

System has been Running for :: 0 : hours 6 : minutes 55.2 : seconds

System has been Running for :: 0 : hours 6 : minutes 55.3 : seconds

System has been Running for :: 0 : hours 6 : minutes 55.4 : seconds

System has been Running for :: 0 : hours 6 : minutes 55.5 : seconds

System has been Running for :: 0 : hours 6 : minutes 55.6 : seconds

System has been Running for :: 0 : hours 6 : minutes 55.7 : seconds

System has been Running for :: 0 : hours 6 : minutes 55.8 : seconds

System has been Running for :: 0 : hours 6 : minutes 55.9 : seconds

System has been Running for :: 0 : hours 6 : minutes 56.0 : seconds

System has been Running for :: 0 : hours 6 : minutes 56.1 : seconds

System has been Running for :: 0 : hours 6 : minutes 56.2 : seconds

System has been Running for :: 0 : hours 6 : minutes 56.3 : seconds

System has been Running for :: 0 : hours 6 : minutes 56.4 : seconds

System has been Running for :: 0 : hours 6 : minutes 56.5 : seconds

System has been Running for :: 0 : hours 6 : minutes 56.6 : seconds

System has been Running for :: 0 : hours 6 : minutes 56.7 : seconds

System has been Running for :: 0 : hours 6 : minutes 56.8 : seconds

System has been Running for :: 0 : hours 6 : minutes 56.9 : seconds

System has been Running for :: 0 : hours 6 : minutes 57.0 : seconds

System has been Running for :: 0 : hours 6 : minutes 57.1 : seconds

System has been Running for :: 0 : hours 6 : minutes 57.2 : seconds

System has been Running for :: 0 : hours 6 : minutes 57.3 : seconds

System has been Running for :: 0 : hours 6 : minutes 57.4 : seconds

System has been Running for :: 0 : hours 6 : minutes 57.5 : seconds

System has been Running for :: 0 : hours 6 : minutes 57.6 : seconds

System has been Running for :: 0 : hours 6 : minutes 57.7 : seconds

System has been Running for :: 0 : hours 6 : minutes 57.8 : seconds

System has been Running for :: 0 : hours 6 : minutes 57.9 : seconds

System has been Running for :: 0 : hours 6 : minutes 58.0 : seconds

System has been Running for :: 0 : hours 6 : minutes 58.1 : seconds

System has been Running for :: 0 : hours 6 : minutes 58.2 : seconds

System has been Running for :: 0 : hours 6 : minutes 58.3 : seconds

System has been Running for :: 0 : hours 6 : minutes 58.4 : seconds

System has been Running for :: 0 : hours 6 : minutes 58.5 : seconds

System has been Running for :: 0 : hours 6 : minutes 58.6 : seconds

System has been Running for :: 0 : hours 6 : minutes 58.7 : seconds

System has been Running for :: 0 : hours 6 : minutes 58.8 : seconds

System has been Running for :: 0 : hours 6 : minutes 58.9 : seconds

System has been Running for :: 0 : hours 6 : minutes 59.0 : seconds

System has been Running for :: 0 : hours 6 : minutes 59.1 : seconds

System has been Running for :: 0 : hours 6 : minutes 59.2 : seconds

System has been Running for :: 0 : hours 6 : minutes 59.3 : seconds

System has been Running for :: 0 : hours 6 : minutes 59.4 : seconds

System has been Running for :: 0 : hours 6 : minutes 59.5 : seconds

System has been Running for :: 0 : hours 6 : minutes 59.6 : seconds

System has been Running for :: 0 : hours 6 : minutes 59.7 : seconds

System has been Running for :: 0 : hours 6 : minutes 59.8 : seconds

System has been Running for :: 0 : hours 6 : minutes 59.9 : seconds

System has been Running for :: 0 : hours 7 : minutes 60.0 : seconds

System has been Running for :: 0 : hours 7 : minutes 0.1 : seconds

System has been Running for :: 0 : hours 7 : minutes 0.2 : seconds

System has been Running for :: 0 : hours 7 : minutes 0.3 : seconds

System has been Running for :: 0 : hours 7 : minutes 0.4 : seconds

System has been Running for :: 0 : hours 7 : minutes 0.5 : seconds

System has been Running for :: 0 : hours 7 : minutes 0.6 : seconds

System has been Running for :: 0 : hours 7 : minutes 0.7 : seconds

System has been Running for :: 0 : hours 7 : minutes 0.8 : seconds

System has been Running for :: 0 : hours 7 : minutes 0.9 : seconds

System has been Running for :: 0 : hours 7 : minutes 1.0 : seconds

System has been Running for :: 0 : hours 7 : minutes 1.1 : seconds

System has been Running for :: 0 : hours 7 : minutes 1.2 : seconds

System has been Running for :: 0 : hours 7 : minutes 1.3 : seconds

System has been Running for :: 0 : hours 7 : minutes 1.4 : seconds

System has been Running for :: 0 : hours 7 : minutes 1.5 : seconds

System has been Running for :: 0 : hours 7 : minutes 1.6 : seconds

System has been Running for :: 0 : hours 7 : minutes 1.7 : seconds

System has been Running for :: 0 : hours 7 : minutes 1.8 : seconds

System has been Running for :: 0 : hours 7 : minutes 1.9 : seconds

System has been Running for :: 0 : hours 7 : minutes 2.0 : seconds

System has been Running for :: 0 : hours 7 : minutes 2.1 : seconds

System has been Running for :: 0 : hours 7 : minutes 2.2 : seconds

System has been Running for :: 0 : hours 7 : minutes 2.3 : seconds

System has been Running for :: 0 : hours 7 : minutes 2.4 : seconds

System has been Running for :: 0 : hours 7 : minutes 2.5 : seconds

System has been Running for :: 0 : hours 7 : minutes 2.6 : seconds

System has been Running for :: 0 : hours 7 : minutes 2.7 : seconds

System has been Running for :: 0 : hours 7 : minutes 2.8 : seconds

System has been Running for :: 0 : hours 7 : minutes 2.9 : seconds

System has been Running for :: 0 : hours 7 : minutes 3.0 : seconds

System has been Running for :: 0 : hours 7 : minutes 3.1 : seconds

System has been Running for :: 0 : hours 7 : minutes 3.2 : seconds

System has been Running for :: 0 : hours 7 : minutes 3.3 : seconds

System has been Running for :: 0 : hours 7 : minutes 3.4 : seconds

System has been Running for :: 0 : hours 7 : minutes 3.5 : seconds

System has been Running for :: 0 : hours 7 : minutes 3.6 : seconds

System has been Running for :: 0 : hours 7 : minutes 3.7 : seconds

System has been Running for :: 0 : hours 7 : minutes 3.8 : seconds

System has been Running for :: 0 : hours 7 : minutes 3.9 : seconds

System has been Running for :: 0 : hours 7 : minutes 4.0 : seconds

System has been Running for :: 0 : hours 7 : minutes 4.1 : seconds

System has been Running for :: 0 : hours 7 : minutes 4.2 : seconds

System has been Running for :: 0 : hours 7 : minutes 4.3 : seconds

System has been Running for :: 0 : hours 7 : minutes 4.4 : seconds

System has been Running for :: 0 : hours 7 : minutes 4.5 : seconds

System has been Running for :: 0 : hours 7 : minutes 4.6 : seconds

System has been Running for :: 0 : hours 7 : minutes 4.7 : seconds

System has been Running for :: 0 : hours 7 : minutes 4.8 : seconds

System has been Running for :: 0 : hours 7 : minutes 4.9 : seconds

System has been Running for :: 0 : hours 7 : minutes 5.0 : seconds

System has been Running for :: 0 : hours 7 : minutes 5.1 : seconds

System has been Running for :: 0 : hours 7 : minutes 5.2 : seconds

System has been Running for :: 0 : hours 7 : minutes 5.3 : seconds

System has been Running for :: 0 : hours 7 : minutes 5.4 : seconds

System has been Running for :: 0 : hours 7 : minutes 5.5 : seconds

System has been Running for :: 0 : hours 7 : minutes 5.6 : seconds

System has been Running for :: 0 : hours 7 : minutes 5.7 : seconds

System has been Running for :: 0 : hours 7 : minutes 5.8 : seconds

System has been Running for :: 0 : hours 7 : minutes 5.9 : seconds

System has been Running for :: 0 : hours 7 : minutes 6.0 : seconds

System has been Running for :: 0 : hours 7 : minutes 6.1 : seconds

System has been Running for :: 0 : hours 7 : minutes 6.2 : seconds

System has been Running for :: 0 : hours 7 : minutes 6.3 : seconds

System has been Running for :: 0 : hours 7 : minutes 6.4 : seconds

System has been Running for :: 0 : hours 7 : minutes 6.5 : seconds

System has been Running for :: 0 : hours 7 : minutes 6.6 : seconds

System has been Running for :: 0 : hours 7 : minutes 6.7 : seconds

System has been Running for :: 0 : hours 7 : minutes 6.8 : seconds

System has been Running for :: 0 : hours 7 : minutes 6.9 : seconds

System has been Running for :: 0 : hours 7 : minutes 7.0 : seconds

System has been Running for :: 0 : hours 7 : minutes 7.1 : seconds

System has been Running for :: 0 : hours 7 : minutes 7.2 : seconds

System has been Running for :: 0 : hours 7 : minutes 7.3 : seconds

System has been Running for :: 0 : hours 7 : minutes 7.4 : seconds

System has been Running for :: 0 : hours 7 : minutes 7.5 : seconds

System has been Running for :: 0 : hours 7 : minutes 7.6 : seconds

System has been Running for :: 0 : hours 7 : minutes 7.7 : seconds

System has been Running for :: 0 : hours 7 : minutes 7.8 : seconds

System has been Running for :: 0 : hours 7 : minutes 7.9 : seconds

[33m[ WARN] [1518668843.070639841, 973.715000000]: Shutdown request received.[0m
[33m[ WARN] [1518668843.070704213, 973.715000000]: Reason given for shutdown: [user request][0m
... logging to /home/swarmie/.ros/log/9e25e36e-1207-11e8-8ff5-9cefd5ff490e/roslaunch-aries-4716.log
Checking log directory for disk usage. This may take awhile.
Press Ctrl-C to interrupt
Done checking log file disk usage. Usage is <1GB.
]2;/home/swarmie/SwarmBaseCode-ROS/launch/swarmie.launch
[1mstarted roslaunch server http://aries:39580/[0m

SUMMARY
========

PARAMETERS
 * /achilles_APRILTAG/image_transport: theora
 * /achilles_APRILTAG/sensor_frame_id: achilles/camera_link
 * /achilles_APRILTAG/tag_descriptions: [{'id': 0, 'size'...
 * /achilles_APRILTAG/tag_family: 36h11
 * /achilles_MAP/frequency: 10
 * /achilles_MAP/imu0: /achilles/imu
 * /achilles_MAP/imu0_config: [False, False, Fa...
 * /achilles_MAP/initial_estimate_covariance: ['1e-9', 0, 0, 0,...
 * /achilles_MAP/odom0: /achilles/odom/na...
 * /achilles_MAP/odom0_config: [True, True, Fals...
 * /achilles_MAP/odom1: /achilles/odom/fi...
 * /achilles_MAP/odom1_config: [False, False, Fa...
 * /achilles_MAP/process_noise_covariance: [0.005, 0, 0, 0, ...
 * /achilles_MAP/two_d_mode: True
 * /achilles_MAP/world_frame: map
 * /achilles_NAVSAT/frequency: 10
 * /achilles_NAVSAT/magnetic_declination_radians: 0.0
 * /achilles_NAVSAT/world_frame: map
 * /achilles_NAVSAT/yaw_offset: 1.57079632679
 * /achilles_ODOM/frequency: 10
 * /achilles_ODOM/imu0: /achilles/imu
 * /achilles_ODOM/imu0_config: [False, False, Fa...
 * /achilles_ODOM/odom0: /achilles/odom
 * /achilles_ODOM/odom0_config: [False, False, Fa...
 * /achilles_ODOM/two_d_mode: True
 * /achilles_ODOM/world_frame: odom
 * /rosdistro: kinetic
 * /rosversion: 1.12.12
 * /tf_prefix: achilles

NODES
  /
    achilles_APRILTAG (apriltags_ros/apriltag_detector_node)
    achilles_BASE2CAM (tf/static_transform_publisher)
    achilles_BEHAVIOUR (behaviours/behaviours)
    achilles_DIAGNOSTICS (diagnostics/diagnostics)
    achilles_MAP (robot_localization/ekf_localization_node)
    achilles_NAVSAT (robot_localization/navsat_transform_node)
    achilles_OBSTACLE (obstacle_detection/obstacle)
    achilles_ODOM (robot_localization/ekf_localization_node)
    achilles_SBRIDGE (sbridge/sbridge)

[1mROS_MASTER_URI=http://localhost:11311[0m
]2;/home/swarmie/SwarmBaseCode-ROS/launch/swarmie.launch http://localhost:11311
[1mprocess[achilles_BASE2CAM-1]: started with pid [4846][0m
[1mprocess[achilles_DIAGNOSTICS-2]: started with pid [4923][0m
[1mprocess[achilles_SBRIDGE-3]: started with pid [4942][0m
[1mprocess[achilles_BEHAVIOUR-4]: started with pid [4943][0m
[1mprocess[achilles_OBSTACLE-5]: started with pid [4945][0m
[1mprocess[achilles_NAVSAT-6]: started with pid [4976][0m
[1mprocess[achilles_ODOM-7]: started with pid [5075][0m
[1mprocess[achilles_MAP-8]: started with pid [5076][0m
[1mprocess[achilles_APRILTAG-9]: started with pid [5077][0m
[1m[achilles_BASE2CAM-1] process has finished cleanly
log file: /home/swarmie/.ros/log/9e25e36e-1207-11e8-8ff5-9cefd5ff490e/achilles_BASE2CAM-1*.log[0m
[1m[achilles_MAP-8] process has finished cleanly
log file: /home/swarmie/.ros/log/9e25e36e-1207-11e8-8ff5-9cefd5ff490e/achilles_MAP-8*.log[0m
[1m[achilles_DIAGNOSTICS-2] process has finished cleanly
log file: /home/swarmie/.ros/log/9e25e36e-1207-11e8-8ff5-9cefd5ff490e/achilles_DIAGNOSTICS-2*.log[0m
[1m[achilles_SBRIDGE-3] process has finished cleanly
log file: /home/swarmie/.ros/log/9e25e36e-1207-11e8-8ff5-9cefd5ff490e/achilles_SBRIDGE-3*.log[0m
[1m[achilles_NAVSAT-6] process has finished cleanly
log file: /home/swarmie/.ros/log/9e25e36e-1207-11e8-8ff5-9cefd5ff490e/achilles_NAVSAT-6*.log[0m
[1m[achilles_ODOM-7] process has finished cleanly
log file: /home/swarmie/.ros/log/9e25e36e-1207-11e8-8ff5-9cefd5ff490e/achilles_ODOM-7*.log[0m
all processes on machine have died, roslaunch will exit
shutting down processing monitor...
... shutting down processing monitor complete
[1mdone[0m
