Determining if the pthread_create exist failed with the following output:
Change Dir: /home/swarmie/SwarmBaseCode-ROS/build/apriltags_ros/CMakeFiles/CMakeTmp

Run Build Command:"/usr/bin/make" "cmTC_a8dcf/fast"
/usr/bin/make -f CMakeFiles/cmTC_a8dcf.dir/build.make CMakeFiles/cmTC_a8dcf.dir/build
make[1]: Entering directory '/home/swarmie/SwarmBaseCode-ROS/build/apriltags_ros/CMakeFiles/CMakeTmp'
Building C object CMakeFiles/cmTC_a8dcf.dir/CheckSymbolExists.c.o
/usr/bin/cc     -o CMakeFiles/cmTC_a8dcf.dir/CheckSymbolExists.c.o   -c /home/swarmie/SwarmBaseCode-ROS/build/apriltags_ros/CMakeFiles/CMakeTmp/CheckSymbolExists.c
Linking C executable cmTC_a8dcf
/usr/bin/cmake -E cmake_link_script CMakeFiles/cmTC_a8dcf.dir/link.txt --verbose=1
/usr/bin/cc       CMakeFiles/cmTC_a8dcf.dir/CheckSymbolExists.c.o  -o cmTC_a8dcf -rdynamic 
CMakeFiles/cmTC_a8dcf.dir/CheckSymbolExists.c.o: In function `main':
CheckSymbolExists.c:(.text+0x16): undefined reference to `pthread_create'
collect2: error: ld returned 1 exit status
CMakeFiles/cmTC_a8dcf.dir/build.make:97: recipe for target 'cmTC_a8dcf' failed
make[1]: *** [cmTC_a8dcf] Error 1
make[1]: Leaving directory '/home/swarmie/SwarmBaseCode-ROS/build/apriltags_ros/CMakeFiles/CMakeTmp'
Makefile:126: recipe for target 'cmTC_a8dcf/fast' failed
make: *** [cmTC_a8dcf/fast] Error 2

File /home/swarmie/SwarmBaseCode-ROS/build/apriltags_ros/CMakeFiles/CMakeTmp/CheckSymbolExists.c:
/* */
#include <pthread.h>

int main(int argc, char** argv)
{
  (void)argv;
#ifndef pthread_create
  return ((int*)(&pthread_create))[argc];
#else
  (void)argc;
  return 0;
#endif
}

Determining if the function pthread_create exists in the pthreads failed with the following output:
Change Dir: /home/swarmie/SwarmBaseCode-ROS/build/apriltags_ros/CMakeFiles/CMakeTmp

Run Build Command:"/usr/bin/make" "cmTC_ebed6/fast"
/usr/bin/make -f CMakeFiles/cmTC_ebed6.dir/build.make CMakeFiles/cmTC_ebed6.dir/build
make[1]: Entering directory '/home/swarmie/SwarmBaseCode-ROS/build/apriltags_ros/CMakeFiles/CMakeTmp'
Building C object CMakeFiles/cmTC_ebed6.dir/CheckFunctionExists.c.o
/usr/bin/cc    -DCHECK_FUNCTION_EXISTS=pthread_create   -o CMakeFiles/cmTC_ebed6.dir/CheckFunctionExists.c.o   -c /usr/share/cmake-3.5/Modules/CheckFunctionExists.c
Linking C executable cmTC_ebed6
/usr/bin/cmake -E cmake_link_script CMakeFiles/cmTC_ebed6.dir/link.txt --verbose=1
/usr/bin/cc   -DCHECK_FUNCTION_EXISTS=pthread_create    CMakeFiles/cmTC_ebed6.dir/CheckFunctionExists.c.o  -o cmTC_ebed6 -rdynamic -lpthreads 
/usr/bin/ld: cannot find -lpthreads
collect2: error: ld returned 1 exit status
CMakeFiles/cmTC_ebed6.dir/build.make:97: recipe for target 'cmTC_ebed6' failed
make[1]: *** [cmTC_ebed6] Error 1
make[1]: Leaving directory '/home/swarmie/SwarmBaseCode-ROS/build/apriltags_ros/CMakeFiles/CMakeTmp'
Makefile:126: recipe for target 'cmTC_ebed6/fast' failed
make: *** [cmTC_ebed6/fast] Error 2


